0000000 642f 7665 732f 6664 0034 0000 0000 0000
0000010 0000 0000 0000 0000 0000 0000 0000 0000
0000020 0004 0000 0200 0000 0008 0000 2000 0000
0000030 4800 003d 0000 0000 0190 0000 0000 0000
0000040 0080 0000 0000 0000 0204 0000 0000 0000
0000050 45fc 003d 0000 0000 0000 0000 0000 0000
0000060 0000 0000 0000 0000 0000 0000 0000 0000
*
0000200 0000 0000 0000 0000 ffff ffff ffff ffff
0000210 ffff ffff 0000 0000 0000 0000 0000 0000
0000220 0a00 0004 0000 0000 0a00 2004 0000 0000
0000230 0000 0000 0000 0000 0031 0000 0000 0000
0000240 5190 0192 0000 0000 0004 0000 0000 0000
0000250 ffff ffff 0000 0000 554e 4c4c 0000 0000
0000260 0000 0000 0000 0000 0031 0000 0000 0000
0000270 0000 0000 0000 0000 0004 0000 0000 0000
0000280 ffff ffff 0000 0000 554e 4c4c 0000 0000
0000290 0000 0000 0000 0000 0e41 0002 0000 0000
00002a0 0000 0000 0000 0000 0000 0000 0000 0000
*
0010400 0001 0000 0000 0000 ffff ffff ffff ffff
0010410 ffff ffff 0000 0000 0000 0000 0000 0000
0010420 0a00 2004 0000 0000 0a00 4004 0000 0000
0010430 0000 0000 0000 0000 0031 0000 0000 0000
0010440 5190 0192 0000 0000 0004 0000 0000 0000
0010450 ffff ffff 0000 0000 554e 4c4c 0000 0000
0010460 0000 0000 0000 0000 0031 0000 0000 0000
0010470 0000 0000 0000 0000 0004 0000 0000 0000
0010480 ffff ffff 0000 0000 554e 4c4c 0000 0000
0010490 0000 0000 0000 0000 0e41 0002 0000 0000
00104a0 0000 0000 0000 0000 0000 0000 0000 0000
*
0020600 0002 0000 0000 0000 ffff ffff ffff ffff
0020610 ffff ffff 0000 0000 0000 0000 0000 0000
0020620 0a00 4004 0000 0000 0a00 6004 0000 0000
0020630 0000 0000 0000 0000 0031 0000 0000 0000
0020640 5190 0192 0000 0000 0004 0000 0000 0000
0020650 ffff ffff 0000 0000 554e 4c4c 0000 0000
0020660 0000 0000 0000 0000 0031 0000 0000 0000
0020670 0000 0000 0000 0000 0004 0000 0000 0000
0020680 ffff ffff 0000 0000 554e 4c4c 0000 0000
0020690 0000 0000 0000 0000 0e41 0002 0000 0000
00206a0 0000 0000 0000 0000 0000 0000 0000 0000
*
0030800 0003 0000 0000 0000 ffff ffff ffff ffff
0030810 ffff ffff 0000 0000 0000 0000 0000 0000
0030820 0a00 6004 0000 0000 0a00 8004 0000 0000
0030830 0000 0000 0000 0000 0031 0000 0000 0000
0030840 5190 0192 0000 0000 0004 0000 0000 0000
0030850 ffff ffff 0000 0000 554e 4c4c 0000 0000
0030860 0000 0000 0000 0000 0031 0000 0000 0000
0030870 0000 0000 0000 0000 0004 0000 0000 0000
0030880 ffff ffff 0000 0000 554e 4c4c 0000 0000
0030890 0000 0000 0000 0000 0e41 0002 0000 0000
00308a0 0000 0000 0000 0000 0000 0000 0000 0000
*
7a900000
